<?xml version="1.0" encoding="UTF-8"?>
<!-- Generated by org.testng.reporters.JUnitReportReporter -->
<testsuite skipped="0" hostname="gamzes-MBP.fios-router.home" name="com.qa.darkSky.com_gamze.tests.TodaysTest" tests="4" failures="0" timestamp="2020-08-09T23:05:57 EDT" time="1.543" errors="0">
  <testcase name="testPageTitle" time="1.023" classname="com.qa.darkSky.com_gamze.tests.TodaysTest"/>
  <system-out/>
  <testcase name="getTodayMaxMinTemp" time="0.224" classname="com.qa.darkSky.com_gamze.tests.TodaysTest"/>
  <system-out/>
  <testcase name="verifyMaxTemp" time="0.149" classname="com.qa.darkSky.com_gamze.tests.TodaysTest"/>
  <system-out/>
  <testcase name="verifyMinTemp" time="0.147" classname="com.qa.darkSky.com_gamze.tests.TodaysTest"/>
  <system-out/>
</testsuite> <!-- com.qa.darkSky.com_gamze.tests.TodaysTest -->
